[0.069s] Invoking command in '/home/dyros/ros2_ws/build/dyros_cmake': CMAKE_PREFIX_PATH=/opt/ros/humble /usr/bin/cmake --build /home/dyros/ros2_ws/build/dyros_cmake -- -j2 -l2
[0.252s] [35m[1mConsolidate compiler generated dependencies of target dyros_cpp_pub[0m
[0.254s] [35m[1mConsolidate compiler generated dependencies of target dyros_cpp_sub[0m
[0.308s] [ 50%] Built target dyros_cpp_pub
[0.313s] [ 75%] [32mBuilding CXX object CMakeFiles/dyros_cpp_sub.dir/src/dyros_cpp_sub.cpp.o[0m
[2.083s] In file included from [01m[K/home/dyros/ros2_ws/src/dyros_cmake/src/dyros_cpp_sub.cpp:1[m[K:
[2.084s] [01m[K/home/dyros/ros2_ws/src/dyros_cmake/include/dyros_cmake/dyros_cpp_sub.h:16:33:[m[K [01;31m[Kerror: [m[Kextended character â€œ is not valid in an identifier
[2.085s]    16 | RCLCPP_INFO(this->get_logger(), [01;31m[Kâ€œ[m[KHello ROS: %d", msg.data); }
[2.085s]       |                                 [01;31m[K^[m[K
[2.086s] [01m[K/home/dyros/ros2_ws/src/dyros_cmake/include/dyros_cmake/dyros_cpp_sub.h:16:47:[m[K [01;35m[Kwarning: [m[Kmissing terminating " character
[2.086s]    16 | RCLCPP_INFO(this->get_logger(), â€œHello ROS: %d[01;35m[K"[m[K, msg.data); }
[2.087s]       |                                               [01;35m[K^[m[K
[2.087s] [01m[K/home/dyros/ros2_ws/src/dyros_cmake/include/dyros_cmake/dyros_cpp_sub.h:18:3:[m[K [01;31m[Kerror: [m[Kunterminated argument list invoking macro "RCLCPP_INFO"
[2.087s]    18 | };
[2.088s]       |   [01;31m[K^[m[K
[6.519s] [01m[K/home/dyros/ros2_ws/src/dyros_cmake/src/dyros_cpp_sub.cpp:9:2:[m[K [01;31m[Kerror: [m[Kexpected â€˜[01m[K}[m[Kâ€™ at end of input
[6.519s]     9 | }
[6.519s]       |  [01;31m[K^[m[K
[6.520s] In file included from [01m[K/home/dyros/ros2_ws/src/dyros_cmake/src/dyros_cpp_sub.cpp:1[m[K:
[6.520s] [01m[K/home/dyros/ros2_ws/src/dyros_cmake/include/dyros_cmake/dyros_cpp_sub.h:6:48:[m[K [01;36m[Knote: [m[Kto match this â€˜[01m[K{[m[Kâ€™
[6.520s]     6 | class DyrosCppSubscriber : public rclcpp::Node [01;36m[K{[m[K
[6.520s]       |                                                [01;36m[K^[m[K
[6.532s] [01m[K/home/dyros/ros2_ws/src/dyros_cmake/include/dyros_cmake/dyros_cpp_sub.h:[m[K In constructor â€˜[01m[KDyrosCppSubscriber::DyrosCppSubscriber(std::string, std::string)[m[Kâ€™:
[6.532s] [01m[K/home/dyros/ros2_ws/src/dyros_cmake/include/dyros_cmake/dyros_cpp_sub.h:9:1:[m[K [01;31m[Kerror: [m[Kâ€˜[01m[Ksubscription_[m[Kâ€™ was not declared in this scope; did you mean â€˜[01m[Krmw_subscription_t[m[Kâ€™?
[6.533s]     9 | [01;31m[Ksubscription_[m[K = this->create_subscription<std_msgs::msg::Int32>(
[6.533s]       | [01;31m[K^~~~~~~~~~~~~[m[K
[6.533s]       | [32m[Krmw_subscription_t[m[K
[6.669s] [01m[K/home/dyros/ros2_ws/src/dyros_cmake/include/dyros_cmake/dyros_cpp_sub.h:[m[K In member function â€˜[01m[Kvoid DyrosCppSubscriber::topic_callback(const Int32&) const[m[Kâ€™:
[6.669s] [01m[K/home/dyros/ros2_ws/src/dyros_cmake/include/dyros_cmake/dyros_cpp_sub.h:16:1:[m[K [01;31m[Kerror: [m[Kâ€˜[01m[KRCLCPP_INFO[m[Kâ€™ was not declared in this scope
[6.669s]    16 | [01;31m[KRCLCPP_INFO[m[K(this->get_logger(), â€œHello ROS: %d", msg.data); }
[6.669s]       | [01;31m[K^~~~~~~~~~~[m[K
[6.670s] [01m[K/home/dyros/ros2_ws/src/dyros_cmake/src/dyros_cpp_sub.cpp:9:2:[m[K [01;31m[Kerror: [m[Kexpected â€˜[01m[K}[m[Kâ€™ at end of input
[6.670s]     9 | }
[6.670s]       |  [01;31m[K^[m[K
[6.670s] In file included from [01m[K/home/dyros/ros2_ws/src/dyros_cmake/src/dyros_cpp_sub.cpp:1[m[K:
[6.670s] [01m[K/home/dyros/ros2_ws/src/dyros_cmake/include/dyros_cmake/dyros_cpp_sub.h:15:61:[m[K [01;36m[Knote: [m[Kto match this â€˜[01m[K{[m[Kâ€™
[6.670s]    15 | void topic_callback(const std_msgs::msg::Int32 & msg) const [01;36m[K{[m[K
[6.670s]       |                                                             [01;36m[K^[m[K
[6.670s] [01m[K/home/dyros/ros2_ws/src/dyros_cmake/include/dyros_cmake/dyros_cpp_sub.h:15:50:[m[K [01;35m[Kwarning: [m[Kunused parameter â€˜[01m[Kmsg[m[Kâ€™ [[01;35m[K]8;;https://gcc.gnu.org/onlinedocs/gcc/Warning-Options.html#index-Wunused-parameter-Wunused-parameter]8;;[m[K]
[6.671s]    15 | void topic_callback([01;35m[Kconst std_msgs::msg::Int32 & msg[m[K) const {
[6.671s]       |                     [01;35m[K~~~~~~~~~~~~~~~~~~~~~~~~~~~~~^~~[m[K
[6.671s] [01m[K/home/dyros/ros2_ws/src/dyros_cmake/src/dyros_cpp_sub.cpp:[m[K At global scope:
[6.671s] [01m[K/home/dyros/ros2_ws/src/dyros_cmake/src/dyros_cpp_sub.cpp:9:2:[m[K [01;31m[Kerror: [m[Kexpected unqualified-id at end of input
[6.671s]     9 | }
[6.671s]       |  [01;31m[K^[m[K
[11.504s] gmake[2]: *** [CMakeFiles/dyros_cpp_sub.dir/build.make:76: CMakeFiles/dyros_cpp_sub.dir/src/dyros_cpp_sub.cpp.o] Error 1
[11.505s] gmake[1]: *** [CMakeFiles/Makefile2:165: CMakeFiles/dyros_cpp_sub.dir/all] Error 2
[11.505s] gmake: *** [Makefile:146: all] Error 2
[11.510s] Invoked command in '/home/dyros/ros2_ws/build/dyros_cmake' returned '2': CMAKE_PREFIX_PATH=/opt/ros/humble /usr/bin/cmake --build /home/dyros/ros2_ws/build/dyros_cmake -- -j2 -l2
