-- Found ament_cmake: 1.3.3 (/opt/ros/humble/share/ament_cmake/cmake)
-- Found rclcpp: 16.0.2 (/opt/ros/humble/share/rclcpp/cmake)
-- Found rosidl_generator_c: 3.1.4 (/opt/ros/humble/share/rosidl_generator_c/cmake)
-- Found rosidl_adapter: 3.1.4 (/opt/ros/humble/share/rosidl_adapter/cmake)
-- Found rosidl_generator_cpp: 3.1.4 (/opt/ros/humble/share/rosidl_generator_cpp/cmake)
-- Using all available rosidl_typesupport_c: rosidl_typesupport_fastrtps_c;rosidl_typesupport_introspection_c
-- Using all available rosidl_typesupport_cpp: rosidl_typesupport_fastrtps_cpp;rosidl_typesupport_introspection_cpp
-- Found rmw_implementation_cmake: 6.1.1 (/opt/ros/humble/share/rmw_implementation_cmake/cmake)
-- Found rmw_fastrtps_cpp: 6.2.2 (/opt/ros/humble/share/rmw_fastrtps_cpp/cmake)
-- Using RMW implementation 'rmw_fastrtps_cpp' as default
-- Found dyros_interface: 0.0.0 (/home/dyros/ros2_ws/install/dyros_interface/share/dyros_interface/cmake)
-- Found ament_lint_auto: 0.12.4 (/opt/ros/humble/share/ament_lint_auto/cmake)
-- Added test 'cppcheck' to perform static code analysis on C / C++ code
-- Configured cppcheck include dirs: /home/dyros/ros2_ws/src/dyros_cmake/include
-- Configured cppcheck exclude dirs and/or files: 
-- Added test 'lint_cmake' to check CMake code style
-- Added test 'uncrustify' to check C / C++ code style
-- Configured uncrustify additional arguments: 
-- Added test 'xmllint' to check XML markup files
-- Configuring done
-- Generating done
-- Build files have been written to: /home/dyros/ros2_ws/build/dyros_cmake
[35m[1mConsolidate compiler generated dependencies of target dyros_cpp_pub[0m
[ 25%] Built target dyros_cpp_pub
[35m[1mConsolidate compiler generated dependencies of target dyros_cpp_sub[0m
[ 37%] [32mBuilding CXX object CMakeFiles/dyros_cpp_sub.dir/src/dyros_cpp_sub.cpp.o[0m
[ 50%] [32m[1mLinking CXX executable dyros_cpp_sub[0m
[ 50%] Built target dyros_cpp_sub
[ 62%] [32mBuilding CXX object CMakeFiles/dyros_cpp_server.dir/src/dyros_cpp_server.cpp.o[0m
[01m[K/home/dyros/ros2_ws/src/dyros_cmake/src/dyros_cpp_server.cpp:1:10:[m[K [01;35m[Kwarning: [m[Kmissing terminating " character
    1 | #include [01;35m[K"[m[Krclcpp/rclcpp.hppâ€œ
      |          [01;35m[K^[m[K
[01m[K/home/dyros/ros2_ws/src/dyros_cmake/src/dyros_cpp_server.cpp:1:10:[m[K [01;31m[Kerror: [m[K#include expects "FILENAME" or <FILENAME>
    1 | #include [01;31m[K"rclcpp/rclcpp.hppâ€œ[m[K
      |          [01;31m[K^~~~~~~~~~~~~~~~~~~[m[K
[01m[K/home/dyros/ros2_ws/src/dyros_cmake/src/dyros_cpp_server.cpp:[m[K In function â€˜[01m[Kvoid add(std::shared_ptr<dyros_interface::srv::AddThreeInts_Request_<std::allocator<void> > >, std::shared_ptr<dyros_interface::srv::AddThreeInts_Response_<std::allocator<void> > >)[m[Kâ€™:
[01m[K/home/dyros/ros2_ws/src/dyros_cmake/src/dyros_cpp_server.cpp:7:13:[m[K [01;31m[Kerror: [m[Kâ€˜[01m[Krclcpp[m[Kâ€™ has not been declared
    7 | RCLCPP_INFO([01;31m[Krclcpp[m[K::get_logger("rclcpp"), "Incoming request\na: %d" " b: %d" " c: %d",
      |             [01;31m[K^~~~~~[m[K
[01m[K/home/dyros/ros2_ws/src/dyros_cmake/src/dyros_cpp_server.cpp:7:1:[m[K [01;31m[Kerror: [m[Kâ€˜[01m[KRCLCPP_INFO[m[Kâ€™ was not declared in this scope
    7 | [01;31m[KRCLCPP_INFO[m[K(rclcpp::get_logger("rclcpp"), "Incoming request\na: %d" " b: %d" " c: %d",
      | [01;31m[K^~~~~~~~~~~[m[K
[01m[K/home/dyros/ros2_ws/src/dyros_cmake/src/dyros_cpp_server.cpp:11:13:[m[K [01;31m[Kerror: [m[Kâ€˜[01m[Krclcpp[m[Kâ€™ has not been declared
   11 | RCLCPP_INFO([01;31m[Krclcpp[m[K::get_logger("rclcpp"), "sending back response: [%d]", (int)response->sum);
      |             [01;31m[K^~~~~~[m[K
[01m[K/home/dyros/ros2_ws/src/dyros_cmake/src/dyros_cpp_server.cpp:[m[K In function â€˜[01m[Kint main(int, char**)[m[Kâ€™:
[01m[K/home/dyros/ros2_ws/src/dyros_cmake/src/dyros_cpp_server.cpp:14:1:[m[K [01;31m[Kerror: [m[Kâ€˜[01m[Krclcpp[m[Kâ€™ has not been declared
   14 | [01;31m[Krclcpp[m[K::init(argc, argv);
      | [01;31m[K^~~~~~[m[K
[01m[K/home/dyros/ros2_ws/src/dyros_cmake/src/dyros_cpp_server.cpp:15:17:[m[K [01;31m[Kerror: [m[Kâ€˜[01m[Krclcpp[m[Kâ€™ was not declared in this scope
   15 | std::shared_ptr<[01;31m[Krclcpp[m[K::Node> node = rclcpp::Node::make_shared("add_three_ints_server");
      |                 [01;31m[K^~~~~~[m[K
[01m[K/home/dyros/ros2_ws/src/dyros_cmake/src/dyros_cpp_server.cpp:15:29:[m[K [01;31m[Kerror: [m[Ktemplate argument 1 is invalid
   15 | std::shared_ptr<rclcpp::Node[01;31m[K>[m[K node = rclcpp::Node::make_shared("add_three_ints_server");
      |                             [01;31m[K^[m[K
[01m[K/home/dyros/ros2_ws/src/dyros_cmake/src/dyros_cpp_server.cpp:15:38:[m[K [01;31m[Kerror: [m[Kâ€˜[01m[Krclcpp[m[Kâ€™ is not a class, namespace, or enumeration
   15 | std::shared_ptr<rclcpp::Node> node = [01;31m[Krclcpp[m[K::Node::make_shared("add_three_ints_server");
      |                                      [01;31m[K^~~~~~[m[K
[01m[K/home/dyros/ros2_ws/src/dyros_cmake/src/dyros_cpp_server.cpp:16:1:[m[K [01;31m[Kerror: [m[Kâ€˜[01m[Krclcpp[m[Kâ€™ is not a class, namespace, or enumeration
   16 | [01;31m[Krclcpp[m[K::Service<dyros_interface::srv::AddThreeInts>::SharedPtr service =
      | [01;31m[K^~~~~~[m[K
[01m[K/home/dyros/ros2_ws/src/dyros_cmake/src/dyros_cpp_server.cpp:16:51:[m[K [01;31m[Kerror: [m[Kexpected primary-expression before â€˜[01m[K>[m[Kâ€™ token
   16 | rclcpp::Service<dyros_interface::srv::AddThreeInts[01;31m[K>[m[K::SharedPtr service =
      |                                                   [01;31m[K^[m[K
[01m[K/home/dyros/ros2_ws/src/dyros_cmake/src/dyros_cpp_server.cpp:16:54:[m[K [01;31m[Kerror: [m[Kâ€˜[01m[K::SharedPtr[m[Kâ€™ has not been declared
   16 | rclcpp::Service<dyros_interface::srv::AddThreeInts>::[01;31m[KSharedPtr[m[K service =
      |                                                      [01;31m[K^~~~~~~~~[m[K
[01m[K/home/dyros/ros2_ws/src/dyros_cmake/src/dyros_cpp_server.cpp:18:13:[m[K [01;31m[Kerror: [m[Kâ€˜[01m[Krclcpp[m[Kâ€™ is not a class, namespace, or enumeration
   18 | RCLCPP_INFO([01;31m[Krclcpp[m[K::get_logger("rclcpp"), "Ready to add three ints.");
      |             [01;31m[K^~~~~~[m[K
[01m[K/home/dyros/ros2_ws/src/dyros_cmake/src/dyros_cpp_server.cpp:18:1:[m[K [01;31m[Kerror: [m[Kâ€˜[01m[KRCLCPP_INFO[m[Kâ€™ was not declared in this scope
   18 | [01;31m[KRCLCPP_INFO[m[K(rclcpp::get_logger("rclcpp"), "Ready to add three ints.");
      | [01;31m[K^~~~~~~~~~~[m[K
[01m[K/home/dyros/ros2_ws/src/dyros_cmake/src/dyros_cpp_server.cpp:19:1:[m[K [01;31m[Kerror: [m[Kâ€˜[01m[Krclcpp[m[Kâ€™ is not a class, namespace, or enumeration
   19 | [01;31m[Krclcpp[m[K::spin(node);
      | [01;31m[K^~~~~~[m[K
[01m[K/home/dyros/ros2_ws/src/dyros_cmake/src/dyros_cpp_server.cpp:20:1:[m[K [01;31m[Kerror: [m[Kâ€˜[01m[Krclcpp[m[Kâ€™ is not a class, namespace, or enumeration
   20 | [01;31m[Krclcpp[m[K::shutdown();
      | [01;31m[K^~~~~~[m[K
gmake[2]: *** [CMakeFiles/dyros_cpp_server.dir/build.make:76: CMakeFiles/dyros_cpp_server.dir/src/dyros_cpp_server.cpp.o] Error 1
gmake[1]: *** [CMakeFiles/Makefile2:195: CMakeFiles/dyros_cpp_server.dir/all] Error 2
gmake: *** [Makefile:146: all] Error 2
