[0.065s] Invoking command in '/home/dyros/ros2_ws/build/dyros_cmake': CMAKE_PREFIX_PATH=${CMAKE_PREFIX_PATH}:/home/dyros/ros2_ws/install/dyros_python:/opt/ros/humble /usr/bin/cmake --build /home/dyros/ros2_ws/build/dyros_cmake -- -j2 -l2
[0.351s] -- Found ament_cmake: 1.3.3 (/opt/ros/humble/share/ament_cmake/cmake)
[0.874s] -- Found rclcpp: 16.0.2 (/opt/ros/humble/share/rclcpp/cmake)
[1.111s] -- Found rosidl_generator_c: 3.1.4 (/opt/ros/humble/share/rosidl_generator_c/cmake)
[1.127s] -- Found rosidl_adapter: 3.1.4 (/opt/ros/humble/share/rosidl_adapter/cmake)
[1.169s] -- Found rosidl_generator_cpp: 3.1.4 (/opt/ros/humble/share/rosidl_generator_cpp/cmake)
[1.239s] -- Using all available rosidl_typesupport_c: rosidl_typesupport_fastrtps_c;rosidl_typesupport_introspection_c
[1.325s] -- Using all available rosidl_typesupport_cpp: rosidl_typesupport_fastrtps_cpp;rosidl_typesupport_introspection_cpp
[1.595s] -- Found rmw_implementation_cmake: 6.1.1 (/opt/ros/humble/share/rmw_implementation_cmake/cmake)
[1.607s] -- Found rmw_fastrtps_cpp: 6.2.2 (/opt/ros/humble/share/rmw_fastrtps_cpp/cmake)
[2.048s] -- Using RMW implementation 'rmw_fastrtps_cpp' as default
[2.714s] -- Found dyros_interface: 0.0.0 (/home/dyros/ros2_ws/install/dyros_interface/share/dyros_interface/cmake)
[3.102s] -- Found ament_lint_auto: 0.12.4 (/opt/ros/humble/share/ament_lint_auto/cmake)
[3.327s] -- Added test 'cppcheck' to perform static code analysis on C / C++ code
[3.327s] -- Configured cppcheck include dirs: /home/dyros/ros2_ws/src/dyros_cmake/include
[3.327s] -- Configured cppcheck exclude dirs and/or files: 
[3.331s] -- Added test 'lint_cmake' to check CMake code style
[3.334s] -- Added test 'uncrustify' to check C / C++ code style
[3.335s] -- Configured uncrustify additional arguments: 
[3.336s] -- Added test 'xmllint' to check XML markup files
[3.342s] -- Configuring done
[3.412s] -- Generating done
[3.418s] -- Build files have been written to: /home/dyros/ros2_ws/build/dyros_cmake
[3.483s] [35m[1mConsolidate compiler generated dependencies of target dyros_cpp_pub[0m
[3.545s] [ 25%] Built target dyros_cpp_pub
[3.567s] [35m[1mConsolidate compiler generated dependencies of target dyros_cpp_sub[0m
[3.600s] [ 37%] [32mBuilding CXX object CMakeFiles/dyros_cpp_sub.dir/src/dyros_cpp_sub.cpp.o[0m
[34.684s] [ 50%] [32m[1mLinking CXX executable dyros_cpp_sub[0m
[36.364s] [ 50%] Built target dyros_cpp_sub
[36.424s] [ 62%] [32mBuilding CXX object CMakeFiles/dyros_cpp_server.dir/src/dyros_cpp_server.cpp.o[0m
[36.510s] [01m[K/home/dyros/ros2_ws/src/dyros_cmake/src/dyros_cpp_server.cpp:1:10:[m[K [01;35m[Kwarning: [m[Kmissing terminating " character
[36.512s]     1 | #include [01;35m[K"[m[Krclcpp/rclcpp.hppâ€œ
[36.512s]       |          [01;35m[K^[m[K
[36.513s] [01m[K/home/dyros/ros2_ws/src/dyros_cmake/src/dyros_cpp_server.cpp:1:10:[m[K [01;31m[Kerror: [m[K#include expects "FILENAME" or <FILENAME>
[36.513s]     1 | #include [01;31m[K"rclcpp/rclcpp.hppâ€œ[m[K
[36.513s]       |          [01;31m[K^~~~~~~~~~~~~~~~~~~[m[K
[38.287s] [01m[K/home/dyros/ros2_ws/src/dyros_cmake/src/dyros_cpp_server.cpp:[m[K In function â€˜[01m[Kvoid add(std::shared_ptr<dyros_interface::srv::AddThreeInts_Request_<std::allocator<void> > >, std::shared_ptr<dyros_interface::srv::AddThreeInts_Response_<std::allocator<void> > >)[m[Kâ€™:
[38.287s] [01m[K/home/dyros/ros2_ws/src/dyros_cmake/src/dyros_cpp_server.cpp:7:13:[m[K [01;31m[Kerror: [m[Kâ€˜[01m[Krclcpp[m[Kâ€™ has not been declared
[38.287s]     7 | RCLCPP_INFO([01;31m[Krclcpp[m[K::get_logger("rclcpp"), "Incoming request\na: %d" " b: %d" " c: %d",
[38.287s]       |             [01;31m[K^~~~~~[m[K
[38.293s] [01m[K/home/dyros/ros2_ws/src/dyros_cmake/src/dyros_cpp_server.cpp:7:1:[m[K [01;31m[Kerror: [m[Kâ€˜[01m[KRCLCPP_INFO[m[Kâ€™ was not declared in this scope
[38.294s]     7 | [01;31m[KRCLCPP_INFO[m[K(rclcpp::get_logger("rclcpp"), "Incoming request\na: %d" " b: %d" " c: %d",
[38.294s]       | [01;31m[K^~~~~~~~~~~[m[K
[38.294s] [01m[K/home/dyros/ros2_ws/src/dyros_cmake/src/dyros_cpp_server.cpp:11:13:[m[K [01;31m[Kerror: [m[Kâ€˜[01m[Krclcpp[m[Kâ€™ has not been declared
[38.294s]    11 | RCLCPP_INFO([01;31m[Krclcpp[m[K::get_logger("rclcpp"), "sending back response: [%d]", (int)response->sum);
[38.294s]       |             [01;31m[K^~~~~~[m[K
[38.294s] [01m[K/home/dyros/ros2_ws/src/dyros_cmake/src/dyros_cpp_server.cpp:[m[K In function â€˜[01m[Kint main(int, char**)[m[Kâ€™:
[38.294s] [01m[K/home/dyros/ros2_ws/src/dyros_cmake/src/dyros_cpp_server.cpp:14:1:[m[K [01;31m[Kerror: [m[Kâ€˜[01m[Krclcpp[m[Kâ€™ has not been declared
[38.294s]    14 | [01;31m[Krclcpp[m[K::init(argc, argv);
[38.295s]       | [01;31m[K^~~~~~[m[K
[38.298s] [01m[K/home/dyros/ros2_ws/src/dyros_cmake/src/dyros_cpp_server.cpp:15:17:[m[K [01;31m[Kerror: [m[Kâ€˜[01m[Krclcpp[m[Kâ€™ was not declared in this scope
[38.298s]    15 | std::shared_ptr<[01;31m[Krclcpp[m[K::Node> node = rclcpp::Node::make_shared("add_three_ints_server");
[38.298s]       |                 [01;31m[K^~~~~~[m[K
[38.298s] [01m[K/home/dyros/ros2_ws/src/dyros_cmake/src/dyros_cpp_server.cpp:15:29:[m[K [01;31m[Kerror: [m[Ktemplate argument 1 is invalid
[38.298s]    15 | std::shared_ptr<rclcpp::Node[01;31m[K>[m[K node = rclcpp::Node::make_shared("add_three_ints_server");
[38.299s]       |                             [01;31m[K^[m[K
[38.299s] [01m[K/home/dyros/ros2_ws/src/dyros_cmake/src/dyros_cpp_server.cpp:15:38:[m[K [01;31m[Kerror: [m[Kâ€˜[01m[Krclcpp[m[Kâ€™ is not a class, namespace, or enumeration
[38.299s]    15 | std::shared_ptr<rclcpp::Node> node = [01;31m[Krclcpp[m[K::Node::make_shared("add_three_ints_server");
[38.299s]       |                                      [01;31m[K^~~~~~[m[K
[38.299s] [01m[K/home/dyros/ros2_ws/src/dyros_cmake/src/dyros_cpp_server.cpp:16:1:[m[K [01;31m[Kerror: [m[Kâ€˜[01m[Krclcpp[m[Kâ€™ is not a class, namespace, or enumeration
[38.299s]    16 | [01;31m[Krclcpp[m[K::Service<dyros_interface::srv::AddThreeInts>::SharedPtr service =
[38.299s]       | [01;31m[K^~~~~~[m[K
[38.299s] [01m[K/home/dyros/ros2_ws/src/dyros_cmake/src/dyros_cpp_server.cpp:16:51:[m[K [01;31m[Kerror: [m[Kexpected primary-expression before â€˜[01m[K>[m[Kâ€™ token
[38.299s]    16 | rclcpp::Service<dyros_interface::srv::AddThreeInts[01;31m[K>[m[K::SharedPtr service =
[38.299s]       |                                                   [01;31m[K^[m[K
[38.302s] [01m[K/home/dyros/ros2_ws/src/dyros_cmake/src/dyros_cpp_server.cpp:16:54:[m[K [01;31m[Kerror: [m[Kâ€˜[01m[K::SharedPtr[m[Kâ€™ has not been declared
[38.303s]    16 | rclcpp::Service<dyros_interface::srv::AddThreeInts>::[01;31m[KSharedPtr[m[K service =
[38.303s]       |                                                      [01;31m[K^~~~~~~~~[m[K
[38.303s] [01m[K/home/dyros/ros2_ws/src/dyros_cmake/src/dyros_cpp_server.cpp:18:13:[m[K [01;31m[Kerror: [m[Kâ€˜[01m[Krclcpp[m[Kâ€™ is not a class, namespace, or enumeration
[38.303s]    18 | RCLCPP_INFO([01;31m[Krclcpp[m[K::get_logger("rclcpp"), "Ready to add three ints.");
[38.303s]       |             [01;31m[K^~~~~~[m[K
[38.307s] [01m[K/home/dyros/ros2_ws/src/dyros_cmake/src/dyros_cpp_server.cpp:18:1:[m[K [01;31m[Kerror: [m[Kâ€˜[01m[KRCLCPP_INFO[m[Kâ€™ was not declared in this scope
[38.307s]    18 | [01;31m[KRCLCPP_INFO[m[K(rclcpp::get_logger("rclcpp"), "Ready to add three ints.");
[38.308s]       | [01;31m[K^~~~~~~~~~~[m[K
[38.308s] [01m[K/home/dyros/ros2_ws/src/dyros_cmake/src/dyros_cpp_server.cpp:19:1:[m[K [01;31m[Kerror: [m[Kâ€˜[01m[Krclcpp[m[Kâ€™ is not a class, namespace, or enumeration
[38.308s]    19 | [01;31m[Krclcpp[m[K::spin(node);
[38.308s]       | [01;31m[K^~~~~~[m[K
[38.308s] [01m[K/home/dyros/ros2_ws/src/dyros_cmake/src/dyros_cpp_server.cpp:20:1:[m[K [01;31m[Kerror: [m[Kâ€˜[01m[Krclcpp[m[Kâ€™ is not a class, namespace, or enumeration
[38.308s]    20 | [01;31m[Krclcpp[m[K::shutdown();
[38.308s]       | [01;31m[K^~~~~~[m[K
[38.420s] gmake[2]: *** [CMakeFiles/dyros_cpp_server.dir/build.make:76: CMakeFiles/dyros_cpp_server.dir/src/dyros_cpp_server.cpp.o] Error 1
[38.422s] gmake[1]: *** [CMakeFiles/Makefile2:195: CMakeFiles/dyros_cpp_server.dir/all] Error 2
[38.434s] gmake: *** [Makefile:146: all] Error 2
[38.590s] Invoked command in '/home/dyros/ros2_ws/build/dyros_cmake' returned '2': CMAKE_PREFIX_PATH=${CMAKE_PREFIX_PATH}:/home/dyros/ros2_ws/install/dyros_python:/opt/ros/humble /usr/bin/cmake --build /home/dyros/ros2_ws/build/dyros_cmake -- -j2 -l2
