[0.105s] Invoking command in '/home/dyros/ros2_ws/build/dyros_interface': CMAKE_PREFIX_PATH=${CMAKE_PREFIX_PATH}:/home/dyros/ros2_ws/install/dyros_python:/opt/ros/humble /usr/bin/cmake --build /home/dyros/ros2_ws/build/dyros_interface -- -j2 -l2
[0.450s] -- Found ament_cmake: 1.3.3 (/opt/ros/humble/share/ament_cmake/cmake)
[0.955s] -- Found geometry_msgs: 4.2.2 (/opt/ros/humble/share/geometry_msgs/cmake)
[1.124s] -- Found rosidl_generator_c: 3.1.4 (/opt/ros/humble/share/rosidl_generator_c/cmake)
[1.138s] -- Found rosidl_adapter: 3.1.4 (/opt/ros/humble/share/rosidl_adapter/cmake)
[1.165s] -- Found rosidl_generator_cpp: 3.1.4 (/opt/ros/humble/share/rosidl_generator_cpp/cmake)
[1.217s] -- Using all available rosidl_typesupport_c: rosidl_typesupport_fastrtps_c;rosidl_typesupport_introspection_c
[1.305s] -- Using all available rosidl_typesupport_cpp: rosidl_typesupport_fastrtps_cpp;rosidl_typesupport_introspection_cpp
[1.635s] -- Found rosidl_default_generators: 1.2.0 (/opt/ros/humble/share/rosidl_default_generators/cmake)
[2.183s] [31mCMake Error at /opt/ros/humble/share/rosidl_adapter/cmake/rosidl_adapt_interfaces.cmake:59 (message):
[2.183s]   execute_process(/usr/bin/python3.10 -m rosidl_adapter --package-name
[2.183s]   dyros_interface --arguments-file
[2.184s]   /home/dyros/ros2_ws/build/dyros_interface/rosidl_adapter__arguments__dyros_interface.json
[2.186s]   --output-dir
[2.186s]   /home/dyros/ros2_ws/build/dyros_interface/rosidl_adapter/dyros_interface
[2.187s]   --output-file
[2.187s]   /home/dyros/ros2_ws/build/dyros_interface/rosidl_adapter/dyros_interface.idls)
[2.187s]   returned error code 1:
[2.187s] 
[2.187s]   Error processing 'int a' of 'dyros_interface/AddThreeInts_Request': ''int'
[2.187s]   is an invalid message name.  It should have the pattern
[2.188s]   '^[A-Z][A-Za-z0-9]*$''
[2.188s] 
[2.188s]   Traceback (most recent call last):
[2.188s] 
[2.188s]     File "/usr/lib/python3.10/runpy.py", line 196, in _run_module_as_main
[2.188s]       return _run_code(code, main_globals, None,
[2.188s]     File "/usr/lib/python3.10/runpy.py", line 86, in _run_code
[2.188s]       exec(code, run_globals)
[2.189s]     File "/opt/ros/humble/local/lib/python3.10/dist-packages/rosidl_adapter/__main__.py", line 19, in <module>
[2.189s]       sys.exit(main())
[2.189s]     File "/opt/ros/humble/local/lib/python3.10/dist-packages/rosidl_adapter/main.py", line 53, in main
[2.189s]       abs_idl_file = convert_to_idl(
[2.189s]     File "/opt/ros/humble/local/lib/python3.10/dist-packages/rosidl_adapter/__init__.py", line 24, in convert_to_idl
[2.189s]       return convert_srv_to_idl(
[2.189s]     File "/opt/ros/humble/local/lib/python3.10/dist-packages/rosidl_adapter/srv/__init__.py", line 28, in convert_srv_to_idl
[2.190s]       srv = parse_service_string(package_name, input_file.stem, content)
[2.190s]     File "/opt/ros/humble/local/lib/python3.10/dist-packages/rosidl_adapter/parser.py", line 859, in parse_service_string
[2.190s]       request_message = parse_message_string(
[2.190s]     File "/opt/ros/humble/local/lib/python3.10/dist-packages/rosidl_adapter/parser.py", line 520, in parse_message_string
[2.190s]       Type(type_string, context_package_name=pkg_name),
[2.190s]     File "/opt/ros/humble/local/lib/python3.10/dist-packages/rosidl_adapter/parser.py", line 277, in __init__
[2.190s]       super(Type, self).__init__(
[2.190s]     File "/opt/ros/humble/local/lib/python3.10/dist-packages/rosidl_adapter/parser.py", line 205, in __init__
[2.191s]       raise InvalidResourceName(
[2.192s] 
[2.192s]   rosidl_adapter.parser.InvalidResourceName: 'int' is an invalid message
[2.192s]   name.  It should have the pattern '^[A-Z][A-Za-z0-9]*$'
[2.193s] 
[2.193s] Call Stack (most recent call first):
[2.193s]   /opt/ros/humble/share/rosidl_cmake/cmake/rosidl_generate_interfaces.cmake:130 (rosidl_adapt_interfaces)
[2.193s]   CMakeLists.txt:12 (rosidl_generate_interfaces)
[2.193s] 
[2.193s] [0m
[2.194s] -- Configuring incomplete, errors occurred!
[2.194s] See also "/home/dyros/ros2_ws/build/dyros_interface/CMakeFiles/CMakeOutput.log".
[2.216s] gmake: *** [Makefile:1179: cmake_check_build_system] Error 1
[2.219s] Invoked command in '/home/dyros/ros2_ws/build/dyros_interface' returned '2': CMAKE_PREFIX_PATH=${CMAKE_PREFIX_PATH}:/home/dyros/ros2_ws/install/dyros_python:/opt/ros/humble /usr/bin/cmake --build /home/dyros/ros2_ws/build/dyros_interface -- -j2 -l2
