[0.086s] Invoking command in '/home/dyros/ros2_ws/build/dyros_cmake': CMAKE_PREFIX_PATH=${CMAKE_PREFIX_PATH}:/home/dyros/ros2_ws/install/dyros_python:/opt/ros/humble /usr/bin/cmake --build /home/dyros/ros2_ws/build/dyros_cmake -- -j2 -l2
[0.307s] [ 50%] Built target dyros_cpp_pub
[0.308s] [ 50%] Built target dyros_cpp_sub
[0.331s] [35m[1mConsolidate compiler generated dependencies of target dyros_cpp_client[0m
[0.335s] [35m[1mConsolidate compiler generated dependencies of target dyros_cpp_server[0m
[0.361s] [ 75%] [32mBuilding CXX object CMakeFiles/dyros_cpp_client.dir/src/dyros_cpp_client.cpp.o[0m
[0.361s] [ 75%] [32mBuilding CXX object CMakeFiles/dyros_cpp_server.dir/src/dyros_cpp_server.cpp.o[0m
[1.233s] [01m[K/home/dyros/ros2_ws/src/dyros_cmake/src/dyros_cpp_client.cpp:22:44:[m[K [01;35m[Kwarning: [m[Kmissing terminating " character
[1.233s]    22 | RCLCPP_ERROR(rclcpp::get_logger("rclcpp"), [01;35m[K"[m[KInterrupted while waiting for the service.
[1.233s]       |                                            [01;35m[K^[m[K
[1.233s] [01m[K/home/dyros/ros2_ws/src/dyros_cmake/src/dyros_cpp_client.cpp:24:9:[m[K [01;35m[Kwarning: [m[Kmissing terminating " character
[1.234s]    24 | Exiting.[01;35m[K"[m[K);
[1.234s]       |         [01;35m[K^[m[K
[1.234s] [01m[K/home/dyros/ros2_ws/src/dyros_cmake/src/dyros_cpp_client.cpp:40:2:[m[K [01;31m[Kerror: [m[Kunterminated argument list invoking macro "RCLCPP_ERROR"
[1.234s]    40 | }
[1.234s]       |  [01;31m[K^[m[K
[13.106s] [01m[K/home/dyros/ros2_ws/src/dyros_cmake/src/dyros_cpp_client.cpp:[m[K In function â€˜[01m[Kint main(int, char**)[m[Kâ€™:
[13.114s] [01m[K/home/dyros/ros2_ws/src/dyros_cmake/src/dyros_cpp_client.cpp:22:1:[m[K [01;31m[Kerror: [m[Kâ€˜[01m[KRCLCPP_ERROR[m[Kâ€™ was not declared in this scope
[13.116s]    22 | [01;31m[KRCLCPP_ERROR[m[K(rclcpp::get_logger("rclcpp"), "Interrupted while waiting for the service.
[13.116s]       | [01;31m[K^~~~~~~~~~~~[m[K
[13.116s] [01m[K/home/dyros/ros2_ws/src/dyros_cmake/src/dyros_cpp_client.cpp:22:13:[m[K [01;31m[Kerror: [m[Kexpected â€˜[01m[K}[m[Kâ€™ at end of input
[13.116s]    22 | RCLCPP_ERROR[01;31m[K([m[Krclcpp::get_logger("rclcpp"), "Interrupted while waiting for the service.
[13.117s]       |             [01;31m[K^[m[K
[13.119s] [01m[K/home/dyros/ros2_ws/src/dyros_cmake/src/dyros_cpp_client.cpp:21:20:[m[K [01;36m[Knote: [m[Kto match this â€˜[01m[K{[m[Kâ€™
[13.119s]    21 | if (!rclcpp::ok()) [01;36m[K{[m[K
[13.119s]       |                    [01;36m[K^[m[K
[13.119s] [01m[K/home/dyros/ros2_ws/src/dyros_cmake/src/dyros_cpp_client.cpp:22:13:[m[K [01;31m[Kerror: [m[Kexpected â€˜[01m[K}[m[Kâ€™ at end of input
[13.120s]    22 | RCLCPP_ERROR[01;31m[K([m[Krclcpp::get_logger("rclcpp"), "Interrupted while waiting for the service.
[13.120s]       |             [01;31m[K^[m[K
[13.121s] [01m[K/home/dyros/ros2_ws/src/dyros_cmake/src/dyros_cpp_client.cpp:20:39:[m[K [01;36m[Knote: [m[Kto match this â€˜[01m[K{[m[Kâ€™
[13.123s]    20 | while (!client->wait_for_service(1s)) [01;36m[K{[m[K
[13.124s]       |                                       [01;36m[K^[m[K
[13.126s] [01m[K/home/dyros/ros2_ws/src/dyros_cmake/src/dyros_cpp_client.cpp:22:13:[m[K [01;31m[Kerror: [m[Kexpected â€˜[01m[K}[m[Kâ€™ at end of input
[13.128s]    22 | RCLCPP_ERROR[01;31m[K([m[Krclcpp::get_logger("rclcpp"), "Interrupted while waiting for the service.
[13.129s]       |             [01;31m[K^[m[K
[13.132s] [01m[K/home/dyros/ros2_ws/src/dyros_cmake/src/dyros_cpp_client.cpp:7:33:[m[K [01;36m[Knote: [m[Kto match this â€˜[01m[K{[m[Kâ€™
[13.133s]     7 | int main(int argc, char **argv) [01;36m[K{[m[K
[13.134s]       |                                 [01;36m[K^[m[K
[16.214s] gmake[2]: *** [CMakeFiles/dyros_cpp_client.dir/build.make:76: CMakeFiles/dyros_cpp_client.dir/src/dyros_cpp_client.cpp.o] Error 1
[16.240s] gmake[1]: *** [CMakeFiles/Makefile2:221: CMakeFiles/dyros_cpp_client.dir/all] Error 2
[16.242s] gmake[1]: *** Waiting for unfinished jobs....
[17.546s] [ 87%] [32m[1mLinking CXX executable dyros_cpp_server[0m
[18.173s] [ 87%] Built target dyros_cpp_server
[18.190s] gmake: *** [Makefile:146: all] Error 2
[18.379s] Invoked command in '/home/dyros/ros2_ws/build/dyros_cmake' returned '2': CMAKE_PREFIX_PATH=${CMAKE_PREFIX_PATH}:/home/dyros/ros2_ws/install/dyros_python:/opt/ros/humble /usr/bin/cmake --build /home/dyros/ros2_ws/build/dyros_cmake -- -j2 -l2
