-- The C compiler identification is GNU 11.3.0
-- The CXX compiler identification is GNU 11.3.0
-- Detecting C compiler ABI info
-- Detecting C compiler ABI info - done
-- Check for working C compiler: /usr/bin/cc - skipped
-- Detecting C compile features
-- Detecting C compile features - done
-- Detecting CXX compiler ABI info
-- Detecting CXX compiler ABI info - done
-- Check for working CXX compiler: /usr/bin/c++ - skipped
-- Detecting CXX compile features
-- Detecting CXX compile features - done
-- Found ament_cmake: 1.3.3 (/opt/ros/humble/share/ament_cmake/cmake)
-- Found Python3: /usr/bin/python3.10 (found version "3.10.6") found components: Interpreter 
-- Found rclcpp: 16.0.2 (/opt/ros/humble/share/rclcpp/cmake)
-- Found rosidl_generator_c: 3.1.4 (/opt/ros/humble/share/rosidl_generator_c/cmake)
-- Found rosidl_adapter: 3.1.4 (/opt/ros/humble/share/rosidl_adapter/cmake)
-- Found rosidl_generator_cpp: 3.1.4 (/opt/ros/humble/share/rosidl_generator_cpp/cmake)
-- Using all available rosidl_typesupport_c: rosidl_typesupport_fastrtps_c;rosidl_typesupport_introspection_c
-- Using all available rosidl_typesupport_cpp: rosidl_typesupport_fastrtps_cpp;rosidl_typesupport_introspection_cpp
-- Found rmw_implementation_cmake: 6.1.1 (/opt/ros/humble/share/rmw_implementation_cmake/cmake)
-- Found rmw_fastrtps_cpp: 6.2.2 (/opt/ros/humble/share/rmw_fastrtps_cpp/cmake)
-- Found OpenSSL: /usr/lib/x86_64-linux-gnu/libcrypto.so (found version "3.0.2")  
-- Found FastRTPS: /opt/ros/humble/include  
-- Using RMW implementation 'rmw_fastrtps_cpp' as default
-- Looking for pthread.h
-- Looking for pthread.h - found
-- Performing Test CMAKE_HAVE_LIBC_PTHREAD
-- Performing Test CMAKE_HAVE_LIBC_PTHREAD - Success
-- Found Threads: TRUE  
-- Found ament_lint_auto: 0.12.4 (/opt/ros/humble/share/ament_lint_auto/cmake)
-- Added test 'cppcheck' to perform static code analysis on C / C++ code
-- Configured cppcheck include dirs: /home/dyros/ros2_ws/src/dyros_cmake/include
-- Configured cppcheck exclude dirs and/or files: 
-- Added test 'lint_cmake' to check CMake code style
-- Added test 'uncrustify' to check C / C++ code style
-- Configured uncrustify additional arguments: 
-- Added test 'xmllint' to check XML markup files
-- Configuring done
-- Generating done
-- Build files have been written to: /home/dyros/ros2_ws/build/dyros_cmake
[ 25%] [32mBuilding CXX object CMakeFiles/dyros_cpp_pub.dir/src/dyros_cpp_pub.cpp.o[0m
[ 50%] [32mBuilding CXX object CMakeFiles/dyros_cpp_sub.dir/src/dyros_cpp_sub.cpp.o[0m
In file included from [01m[K/home/dyros/ros2_ws/src/dyros_cmake/src/dyros_cpp_sub.cpp:1[m[K:
[01m[K/home/dyros/ros2_ws/src/dyros_cmake/include/dyros_cmake/dyros_cpp_sub.h:16:33:[m[K [01;31m[Kerror: [m[Kextended character â€œ is not valid in an identifier
   16 | RCLCPP_INFO(this->get_logger(), [01;31m[Kâ€œ[m[KHello ROS: %d", msg.data); }
      |                                 [01;31m[K^[m[K
[01m[K/home/dyros/ros2_ws/src/dyros_cmake/include/dyros_cmake/dyros_cpp_sub.h:16:47:[m[K [01;35m[Kwarning: [m[Kmissing terminating " character
   16 | RCLCPP_INFO(this->get_logger(), â€œHello ROS: %d[01;35m[K"[m[K, msg.data); }
      |                                               [01;35m[K^[m[K
[01m[K/home/dyros/ros2_ws/src/dyros_cmake/include/dyros_cmake/dyros_cpp_sub.h:18:3:[m[K [01;31m[Kerror: [m[Kunterminated argument list invoking macro "RCLCPP_INFO"
   18 | };
      |   [01;31m[K^[m[K
[01m[K/home/dyros/ros2_ws/src/dyros_cmake/src/dyros_cpp_sub.cpp:9:2:[m[K [01;31m[Kerror: [m[Kexpected â€˜[01m[K}[m[Kâ€™ at end of input
    9 | }
      |  [01;31m[K^[m[K
In file included from [01m[K/home/dyros/ros2_ws/src/dyros_cmake/src/dyros_cpp_sub.cpp:1[m[K:
[01m[K/home/dyros/ros2_ws/src/dyros_cmake/include/dyros_cmake/dyros_cpp_sub.h:6:48:[m[K [01;36m[Knote: [m[Kto match this â€˜[01m[K{[m[Kâ€™
    6 | class DyrosCppSubscriber : public rclcpp::Node [01;36m[K{[m[K
      |                                                [01;36m[K^[m[K
[01m[K/home/dyros/ros2_ws/src/dyros_cmake/include/dyros_cmake/dyros_cpp_sub.h:[m[K In constructor â€˜[01m[KDyrosCppSubscriber::DyrosCppSubscriber(std::string, std::string)[m[Kâ€™:
[01m[K/home/dyros/ros2_ws/src/dyros_cmake/include/dyros_cmake/dyros_cpp_sub.h:9:1:[m[K [01;31m[Kerror: [m[Kâ€˜[01m[Ksubscription_[m[Kâ€™ was not declared in this scope; did you mean â€˜[01m[Krmw_subscription_t[m[Kâ€™?
    9 | [01;31m[Ksubscription_[m[K = this->create_subscription<std_msgs::msg::Int32>(
      | [01;31m[K^~~~~~~~~~~~~[m[K
      | [32m[Krmw_subscription_t[m[K
[01m[K/home/dyros/ros2_ws/src/dyros_cmake/include/dyros_cmake/dyros_cpp_sub.h:[m[K In member function â€˜[01m[Kvoid DyrosCppSubscriber::topic_callback(const Int32&) const[m[Kâ€™:
[01m[K/home/dyros/ros2_ws/src/dyros_cmake/include/dyros_cmake/dyros_cpp_sub.h:16:1:[m[K [01;31m[Kerror: [m[Kâ€˜[01m[KRCLCPP_INFO[m[Kâ€™ was not declared in this scope
   16 | [01;31m[KRCLCPP_INFO[m[K(this->get_logger(), â€œHello ROS: %d", msg.data); }
      | [01;31m[K^~~~~~~~~~~[m[K
[01m[K/home/dyros/ros2_ws/src/dyros_cmake/src/dyros_cpp_sub.cpp:9:2:[m[K [01;31m[Kerror: [m[Kexpected â€˜[01m[K}[m[Kâ€™ at end of input
    9 | }
      |  [01;31m[K^[m[K
In file included from [01m[K/home/dyros/ros2_ws/src/dyros_cmake/src/dyros_cpp_sub.cpp:1[m[K:
[01m[K/home/dyros/ros2_ws/src/dyros_cmake/include/dyros_cmake/dyros_cpp_sub.h:15:61:[m[K [01;36m[Knote: [m[Kto match this â€˜[01m[K{[m[Kâ€™
   15 | void topic_callback(const std_msgs::msg::Int32 & msg) const [01;36m[K{[m[K
      |                                                             [01;36m[K^[m[K
[01m[K/home/dyros/ros2_ws/src/dyros_cmake/include/dyros_cmake/dyros_cpp_sub.h:15:50:[m[K [01;35m[Kwarning: [m[Kunused parameter â€˜[01m[Kmsg[m[Kâ€™ [[01;35m[K]8;;https://gcc.gnu.org/onlinedocs/gcc/Warning-Options.html#index-Wunused-parameter-Wunused-parameter]8;;[m[K]
   15 | void topic_callback([01;35m[Kconst std_msgs::msg::Int32 & msg[m[K) const {
      |                     [01;35m[K~~~~~~~~~~~~~~~~~~~~~~~~~~~~~^~~[m[K
[01m[K/home/dyros/ros2_ws/src/dyros_cmake/src/dyros_cpp_sub.cpp:[m[K At global scope:
[01m[K/home/dyros/ros2_ws/src/dyros_cmake/src/dyros_cpp_sub.cpp:9:2:[m[K [01;31m[Kerror: [m[Kexpected unqualified-id at end of input
    9 | }
      |  [01;31m[K^[m[K
