[0.049s] Invoking command in '/home/dyros/ros2_ws/build/dyros_cmake': CMAKE_PREFIX_PATH=/opt/ros/humble /usr/bin/cmake /home/dyros/ros2_ws/src/dyros_cmake -DCMAKE_INSTALL_PREFIX=/home/dyros/ros2_ws/install/dyros_cmake
[0.422s] -- The C compiler identification is GNU 11.3.0
[0.666s] -- The CXX compiler identification is GNU 11.3.0
[0.695s] -- Detecting C compiler ABI info
[0.966s] -- Detecting C compiler ABI info - done
[0.993s] -- Check for working C compiler: /usr/bin/cc - skipped
[0.995s] -- Detecting C compile features
[1.000s] -- Detecting C compile features - done
[1.016s] -- Detecting CXX compiler ABI info
[1.274s] -- Detecting CXX compiler ABI info - done
[1.295s] -- Check for working CXX compiler: /usr/bin/c++ - skipped
[1.296s] -- Detecting CXX compile features
[1.299s] -- Detecting CXX compile features - done
[1.331s] -- Found ament_cmake: 1.3.3 (/opt/ros/humble/share/ament_cmake/cmake)
[1.860s] -- Found Python3: /usr/bin/python3.10 (found version "3.10.6") found components: Interpreter 
[2.223s] -- Found rclcpp: 16.0.2 (/opt/ros/humble/share/rclcpp/cmake)
[2.523s] -- Found rosidl_generator_c: 3.1.4 (/opt/ros/humble/share/rosidl_generator_c/cmake)
[2.550s] -- Found rosidl_adapter: 3.1.4 (/opt/ros/humble/share/rosidl_adapter/cmake)
[2.599s] -- Found rosidl_generator_cpp: 3.1.4 (/opt/ros/humble/share/rosidl_generator_cpp/cmake)
[2.685s] -- Using all available rosidl_typesupport_c: rosidl_typesupport_fastrtps_c;rosidl_typesupport_introspection_c
[2.794s] -- Using all available rosidl_typesupport_cpp: rosidl_typesupport_fastrtps_cpp;rosidl_typesupport_introspection_cpp
[3.085s] -- Found rmw_implementation_cmake: 6.1.1 (/opt/ros/humble/share/rmw_implementation_cmake/cmake)
[3.094s] -- Found rmw_fastrtps_cpp: 6.2.2 (/opt/ros/humble/share/rmw_fastrtps_cpp/cmake)
[3.348s] -- Found OpenSSL: /usr/lib/x86_64-linux-gnu/libcrypto.so (found version "3.0.2")  
[3.422s] -- Found FastRTPS: /opt/ros/humble/include  
[3.573s] -- Using RMW implementation 'rmw_fastrtps_cpp' as default
[3.636s] -- Looking for pthread.h
[3.916s] -- Looking for pthread.h - found
[3.918s] -- Performing Test CMAKE_HAVE_LIBC_PTHREAD
[4.260s] -- Performing Test CMAKE_HAVE_LIBC_PTHREAD - Success
[4.269s] -- Found Threads: TRUE  
[5.325s] -- Found ament_lint_auto: 0.12.4 (/opt/ros/humble/share/ament_lint_auto/cmake)
[5.630s] -- Added test 'cppcheck' to perform static code analysis on C / C++ code
[5.631s] -- Configured cppcheck include dirs: /home/dyros/ros2_ws/src/dyros_cmake/include
[5.631s] -- Configured cppcheck exclude dirs and/or files: 
[5.635s] -- Added test 'lint_cmake' to check CMake code style
[5.640s] -- Added test 'uncrustify' to check C / C++ code style
[5.640s] -- Configured uncrustify additional arguments: 
[5.644s] -- Added test 'xmllint' to check XML markup files
[5.650s] -- Configuring done
[5.694s] -- Generating done
[5.702s] -- Build files have been written to: /home/dyros/ros2_ws/build/dyros_cmake
[5.735s] Invoked command in '/home/dyros/ros2_ws/build/dyros_cmake' returned '0': CMAKE_PREFIX_PATH=/opt/ros/humble /usr/bin/cmake /home/dyros/ros2_ws/src/dyros_cmake -DCMAKE_INSTALL_PREFIX=/home/dyros/ros2_ws/install/dyros_cmake
[5.736s] Invoking command in '/home/dyros/ros2_ws/build/dyros_cmake': CMAKE_PREFIX_PATH=/opt/ros/humble /usr/bin/cmake --build /home/dyros/ros2_ws/build/dyros_cmake -- -j2 -l2
[5.884s] [ 25%] [32mBuilding CXX object CMakeFiles/dyros_cpp_pub.dir/src/dyros_cpp_pub.cpp.o[0m
[5.889s] [ 50%] [32mBuilding CXX object CMakeFiles/dyros_cpp_sub.dir/src/dyros_cpp_sub.cpp.o[0m
[6.809s] In file included from [01m[K/home/dyros/ros2_ws/src/dyros_cmake/src/dyros_cpp_sub.cpp:1[m[K:
[6.810s] [01m[K/home/dyros/ros2_ws/src/dyros_cmake/include/dyros_cmake/dyros_cpp_sub.h:16:33:[m[K [01;31m[Kerror: [m[Kextended character â€œ is not valid in an identifier
[6.810s]    16 | RCLCPP_INFO(this->get_logger(), [01;31m[Kâ€œ[m[KHello ROS: %d", msg.data); }
[6.810s]       |                                 [01;31m[K^[m[K
[6.810s] [01m[K/home/dyros/ros2_ws/src/dyros_cmake/include/dyros_cmake/dyros_cpp_sub.h:16:47:[m[K [01;35m[Kwarning: [m[Kmissing terminating " character
[6.811s]    16 | RCLCPP_INFO(this->get_logger(), â€œHello ROS: %d[01;35m[K"[m[K, msg.data); }
[6.811s]       |                                               [01;35m[K^[m[K
[6.811s] [01m[K/home/dyros/ros2_ws/src/dyros_cmake/include/dyros_cmake/dyros_cpp_sub.h:18:3:[m[K [01;31m[Kerror: [m[Kunterminated argument list invoking macro "RCLCPP_INFO"
[6.812s]    18 | };
[6.812s]       |   [01;31m[K^[m[K
[92.574s] [01m[K/home/dyros/ros2_ws/src/dyros_cmake/src/dyros_cpp_sub.cpp:9:2:[m[K [01;31m[Kerror: [m[Kexpected â€˜[01m[K}[m[Kâ€™ at end of input
[92.582s]     9 | }
[92.582s]       |  [01;31m[K^[m[K
[92.582s] In file included from [01m[K/home/dyros/ros2_ws/src/dyros_cmake/src/dyros_cpp_sub.cpp:1[m[K:
[92.582s] [01m[K/home/dyros/ros2_ws/src/dyros_cmake/include/dyros_cmake/dyros_cpp_sub.h:6:48:[m[K [01;36m[Knote: [m[Kto match this â€˜[01m[K{[m[Kâ€™
[92.582s]     6 | class DyrosCppSubscriber : public rclcpp::Node [01;36m[K{[m[K
[92.582s]       |                                                [01;36m[K^[m[K
[92.758s] [01m[K/home/dyros/ros2_ws/src/dyros_cmake/include/dyros_cmake/dyros_cpp_sub.h:[m[K In constructor â€˜[01m[KDyrosCppSubscriber::DyrosCppSubscriber(std::string, std::string)[m[Kâ€™:
[92.760s] [01m[K/home/dyros/ros2_ws/src/dyros_cmake/include/dyros_cmake/dyros_cpp_sub.h:9:1:[m[K [01;31m[Kerror: [m[Kâ€˜[01m[Ksubscription_[m[Kâ€™ was not declared in this scope; did you mean â€˜[01m[Krmw_subscription_t[m[Kâ€™?
[92.760s]     9 | [01;31m[Ksubscription_[m[K = this->create_subscription<std_msgs::msg::Int32>(
[92.760s]       | [01;31m[K^~~~~~~~~~~~~[m[K
[92.760s]       | [32m[Krmw_subscription_t[m[K
[93.962s] [01m[K/home/dyros/ros2_ws/src/dyros_cmake/include/dyros_cmake/dyros_cpp_sub.h:[m[K In member function â€˜[01m[Kvoid DyrosCppSubscriber::topic_callback(const Int32&) const[m[Kâ€™:
[94.079s] [01m[K/home/dyros/ros2_ws/src/dyros_cmake/include/dyros_cmake/dyros_cpp_sub.h:16:1:[m[K [01;31m[Kerror: [m[Kâ€˜[01m[KRCLCPP_INFO[m[Kâ€™ was not declared in this scope
[94.083s]    16 | [01;31m[KRCLCPP_INFO[m[K(this->get_logger(), â€œHello ROS: %d", msg.data); }
[94.083s]       | [01;31m[K^~~~~~~~~~~[m[K
[94.102s] [01m[K/home/dyros/ros2_ws/src/dyros_cmake/src/dyros_cpp_sub.cpp:9:2:[m[K [01;31m[Kerror: [m[Kexpected â€˜[01m[K}[m[Kâ€™ at end of input
[94.103s]     9 | }
[94.103s]       |  [01;31m[K^[m[K
[94.104s] In file included from [01m[K/home/dyros/ros2_ws/src/dyros_cmake/src/dyros_cpp_sub.cpp:1[m[K:
[94.119s] [01m[K/home/dyros/ros2_ws/src/dyros_cmake/include/dyros_cmake/dyros_cpp_sub.h:15:61:[m[K [01;36m[Knote: [m[Kto match this â€˜[01m[K{[m[Kâ€™
[94.120s]    15 | void topic_callback(const std_msgs::msg::Int32 & msg) const [01;36m[K{[m[K
[94.126s]       |                                                             [01;36m[K^[m[K
[94.126s] [01m[K/home/dyros/ros2_ws/src/dyros_cmake/include/dyros_cmake/dyros_cpp_sub.h:15:50:[m[K [01;35m[Kwarning: [m[Kunused parameter â€˜[01m[Kmsg[m[Kâ€™ [[01;35m[K]8;;https://gcc.gnu.org/onlinedocs/gcc/Warning-Options.html#index-Wunused-parameter-Wunused-parameter]8;;[m[K]
[94.126s]    15 | void topic_callback([01;35m[Kconst std_msgs::msg::Int32 & msg[m[K) const {
[94.127s]       |                     [01;35m[K~~~~~~~~~~~~~~~~~~~~~~~~~~~~~^~~[m[K
[94.127s] [01m[K/home/dyros/ros2_ws/src/dyros_cmake/src/dyros_cpp_sub.cpp:[m[K At global scope:
[94.127s] [01m[K/home/dyros/ros2_ws/src/dyros_cmake/src/dyros_cpp_sub.cpp:9:2:[m[K [01;31m[Kerror: [m[Kexpected unqualified-id at end of input
[94.127s]     9 | }
[94.127s]       |  [01;31m[K^[m[K
